<?xml version="1.0" encoding="UTF-8"?>
<testsuite name="com.program2.maven.program2_example_jar.AppTest" tests="1" skipped="0" failures="0" errors="0" timestamp="2025-05-28T16:27:46" hostname="NAVANEETH" time="0.002">
  <properties/>
  <testcase name="testApp" classname="com.program2.maven.program2_example_jar.AppTest" time="0.002"/>
  <system-out><![CDATA[]]></system-out>
  <system-err><![CDATA[]]></system-err>
</testsuite>
